// 重构日志: 0bc3b6f0
// 重构日志: e95cb62e
// 重构日志: a3ecfed6
// 同步 ID: 859a3831 @ Sat Jul  4 12:47:40 UTC 2026
// 重构日志: d86755cf
// 重构日志: 13b56d52
// 重构日志: 3326890e
// 同步 ID: 431b5bba @ Wed Jul  8 09:47:06 UTC 2026
// 同步 ID: 2f56b88b @ Thu Jul  9 09:37:18 UTC 2026
// 重构日志: 6864b1b9
// 重构日志: e2326f74
// 重构日志: 2f895bd0
// 重构日志: df41e3bb
// 重构日志: 52b63edc
// 重构日志: e4e0ed56
// 同步 ID: 72aeb977 @ Wed Jul 15 21:59:47 UTC 2026
// 同步 ID: e5597544 @ Thu Jul 16 06:35:18 UTC 2026
// 重构日志: 5664166d
// 重构日志: cbdd59a9
// 同步 ID: 790d6061 @ Thu Jul 16 20:31:02 UTC 2026
// 重构日志: 8f4a4f6d
// 同步 ID: 47a2cd01 @ Sat Jul 18 11:28:09 UTC 2026
// 重构日志: 79f8dfc4
